<?xml version="1.0" encoding="utf-8"?><testsuites name="pytest tests"><testsuite name="pytest" errors="0" failures="0" skipped="0" tests="24" time="6.951" timestamp="2026-05-09T00:06:08.103635+00:00" hostname="agent-env-07b47fd7-7693-43c9-a981-8ab98cb3285f"><testcase classname="backend.tests.backend_test.TestAuth" name="test_login_admin" time="0.493" /><testcase classname="backend.tests.backend_test.TestAuth" name="test_login_invalid" time="0.123" /><testcase classname="backend.tests.backend_test.TestAuth" name="test_me_with_token" time="0.537" /><testcase classname="backend.tests.backend_test.TestAuth" name="test_me_no_token" time="0.129" /><testcase classname="backend.tests.backend_test.TestUsers" name="test_list_users_admin" time="0.114" /><testcase classname="backend.tests.backend_test.TestUsers" name="test_list_users_forbidden_employee" time="0.478" /><testcase classname="backend.tests.backend_test.TestUsers" name="test_list_users_forbidden_agent" time="0.453" /><testcase classname="backend.tests.backend_test.TestUsers" name="test_user_crud" time="0.571" /><testcase classname="backend.tests.backend_test.TestProducts" name="test_create_and_list" time="0.250" /><testcase classname="backend.tests.backend_test.TestProducts" name="test_sku_unique" time="0.106" /><testcase classname="backend.tests.backend_test.TestProducts" name="test_update" time="0.127" /><testcase classname="backend.tests.backend_test.TestCustomers" name="test_list" time="0.319" /><testcase classname="backend.tests.backend_test.TestCustomers" name="test_update" time="0.109" /><testcase classname="backend.tests.backend_test.TestOrdersPricing" name="test_tiered_pricing" time="0.138" /><testcase classname="backend.tests.backend_test.TestOrdersPricing" name="test_custom_price_overrides_tier" time="0.359" /><testcase classname="backend.tests.backend_test.TestOrdersPricing" name="test_quote_no_stock_decrement" time="0.355" /><testcase classname="backend.tests.backend_test.TestOrdersPricing" name="test_invoice_sets_balance_due" time="0.111" /><testcase classname="backend.tests.backend_test.TestOrdersPricing" name="test_convert_quote_to_invoice" time="0.396" /><testcase classname="backend.tests.backend_test.TestOrdersPricing" name="test_agent_commission_and_isolation" time="0.249" /><testcase classname="backend.tests.backend_test.TestPayments" name="test_payment_only_invoice" time="0.212" /><testcase classname="backend.tests.backend_test.TestPayments" name="test_payment_partial_then_paid" time="0.696" /><testcase classname="backend.tests.backend_test.TestDashboard" name="test_admin_stats" time="0.124" /><testcase classname="backend.tests.backend_test.TestDashboard" name="test_agent_forbidden_admin_stats" time="0.131" /><testcase classname="backend.tests.backend_test.TestDashboard" name="test_agent_stats" time="0.114" /></testsuite></testsuites>