<?xml version="1.0" encoding="utf-8"?><testsuites name="pytest tests"><testsuite name="pytest" errors="0" failures="0" skipped="1" tests="37" time="9.581" timestamp="2026-05-09T14:20:42.079439+00:00" hostname="agent-env-07b47fd7-7693-43c9-a981-8ab98cb3285f"><testcase classname="backend.tests.test_variants.TestProductVariantsCRUD" name="test_create_returns_variants" time="0.592" /><testcase classname="backend.tests.test_variants.TestProductVariantsCRUD" name="test_list_includes_variants" time="0.144" /><testcase classname="backend.tests.test_variants.TestByBarcode" name="test_match_variant_barcode" time="0.113" /><testcase classname="backend.tests.test_variants.TestByBarcode" name="test_match_variant_sku" time="0.158" /><testcase classname="backend.tests.test_variants.TestByBarcode" name="test_match_parent_sku_no_variant" time="0.329" /><testcase classname="backend.tests.test_variants.TestOrderVariantRequired" name="test_missing_variant_id_400" time="0.213" /><testcase classname="backend.tests.test_variants.TestOrderVariantRequired" name="test_invalid_variant_id_400" time="0.214" /><testcase classname="backend.tests.test_variants.TestOrderWithVariant" name="test_variant_order_uses_variant_price_and_decrements" time="0.459" /><testcase classname="backend.tests.test_variants.TestOrderWithVariant" name="test_tier_pricing_does_not_apply_under_min" time="0.123" /><testcase classname="backend.tests.test_variants.TestOrderWithVariant" name="test_tier_pricing_overrides_variant_when_qty_meets_min" time="0.113" /><testcase classname="backend.tests.test_variants.TestVariantOutOfStock" name="test_oos_message_with_variant_label" time="0.146" /><testcase classname="backend.tests.test_variants.TestVariantDeleteRestore" name="test_delete_restores_then_restore_redecrements" time="0.802" /><testcase classname="backend.tests.test_variants.TestVariantOrderPatch" name="test_patch_qty_reconciles_variant_stock" time="0.818" /><testcase classname="backend.tests.test_variants.TestPlainProductRegression" name="test_order_without_variant_id_works" time="0.139" /><testcase classname="backend.tests.test_taxes.TestTaxJurisdictionCRUD" name="test_list_includes_created" time="0.557" /><testcase classname="backend.tests.test_taxes.TestTaxJurisdictionCRUD" name="test_employee_can_read" time="0.468" /><testcase classname="backend.tests.test_taxes.TestTaxJurisdictionCRUD" name="test_employee_cannot_write" time="0.112" /><testcase classname="backend.tests.test_taxes.TestTaxJurisdictionCRUD" name="test_patch_jurisdiction" time="0.327" /><testcase classname="backend.tests.test_taxes.TestTaxJurisdictionCRUD" name="test_delete_soft" time="0.360" /><testcase classname="backend.tests.test_taxes.TestCustomerDefaultJurisdiction" name="test_customer_stores_default" time="0.105" /><testcase classname="backend.tests.test_taxes.TestCustomerDefaultJurisdiction" name="test_patch_change" time="0.114" /><testcase classname="backend.tests.test_taxes.TestCustomerDefaultJurisdiction" name="test_patch_clear_to_null" time="0.113" /><testcase classname="backend.tests.test_taxes.TestCustomerDefaultJurisdiction" name="test_restore_default_for_subsequent_tests" time="0.116" /><testcase classname="backend.tests.test_taxes.TestOrderTaxCompute" name="test_order_uses_customer_default_18pct" time="0.231" /><testcase classname="backend.tests.test_taxes.TestOrderTaxCompute" name="test_order_override_with_other_jurisdiction" time="0.112" /><testcase classname="backend.tests.test_taxes.TestOrderTaxCompute" name="test_order_explicit_no_tax_empty_string" time="0.125" /><testcase classname="backend.tests.test_taxes.TestOrderTaxCompute" name="test_order_trade_in_reduces_taxable_base" time="0.129" /><testcase classname="backend.tests.test_taxes.TestOrderTaxCompute" name="test_patch_order_rescales_existing_jurisdiction" time="0.229" /><testcase classname="backend.tests.test_taxes.TestOrderTaxCompute" name="test_patch_order_clear_jurisdiction_via_empty_string" time="0.234" /><testcase classname="backend.tests.test_taxes.TestPricingPreview" name="test_preview_uses_customer_default" time="0.107" /><testcase classname="backend.tests.test_taxes.TestPricingPreview" name="test_preview_explicit_no_tax" time="0.106" /><testcase classname="backend.tests.test_taxes.TestPricingPreview" name="test_preview_override_alt" time="0.112" /><testcase classname="backend.tests.test_taxes.TestNoTaxRegression" name="test_customer_without_default_no_tax" time="0.213" /><testcase classname="backend.tests.test_product_images.TestProductImagesCRUD" name="test_create_product_with_images" time="0.551" /><testcase classname="backend.tests.test_product_images.TestProductImagesCRUD" name="test_patch_product_replaces_images" time="0.216" /><testcase classname="backend.tests.test_product_images.TestProductImagesCRUD" name="test_create_product_no_images_default_empty" time="0.107" /><testcase classname="backend.tests.test_product_images.TestPublicCatalogImages" name="test_public_returns_primary_image" time="0.114"><skipped type="pytest.skip" message="PUBLIC_API_KEY not configured">/app/backend/tests/test_product_images.py:125: PUBLIC_API_KEY not configured</skipped></testcase></testsuite></testsuites>