<?xml version="1.0" encoding="utf-8"?><testsuites name="pytest tests"><testsuite name="pytest" errors="0" failures="0" skipped="1" tests="23" time="5.278" timestamp="2026-05-09T02:22:58.474174+00:00" hostname="agent-env-07b47fd7-7693-43c9-a981-8ab98cb3285f"><testcase classname="backend.tests.test_taxes.TestTaxJurisdictionCRUD" name="test_list_includes_created" time="0.651" /><testcase classname="backend.tests.test_taxes.TestTaxJurisdictionCRUD" name="test_employee_can_read" time="0.479" /><testcase classname="backend.tests.test_taxes.TestTaxJurisdictionCRUD" name="test_employee_cannot_write" time="0.113" /><testcase classname="backend.tests.test_taxes.TestTaxJurisdictionCRUD" name="test_patch_jurisdiction" time="0.323" /><testcase classname="backend.tests.test_taxes.TestTaxJurisdictionCRUD" name="test_delete_soft" time="0.304" /><testcase classname="backend.tests.test_taxes.TestCustomerDefaultJurisdiction" name="test_customer_stores_default" time="0.132" /><testcase classname="backend.tests.test_taxes.TestCustomerDefaultJurisdiction" name="test_patch_change" time="0.123" /><testcase classname="backend.tests.test_taxes.TestCustomerDefaultJurisdiction" name="test_patch_clear_to_null" time="0.116" /><testcase classname="backend.tests.test_taxes.TestCustomerDefaultJurisdiction" name="test_restore_default_for_subsequent_tests" time="0.111" /><testcase classname="backend.tests.test_taxes.TestOrderTaxCompute" name="test_order_uses_customer_default_18pct" time="0.220" /><testcase classname="backend.tests.test_taxes.TestOrderTaxCompute" name="test_order_override_with_other_jurisdiction" time="0.115" /><testcase classname="backend.tests.test_taxes.TestOrderTaxCompute" name="test_order_explicit_no_tax_empty_string" time="0.148" /><testcase classname="backend.tests.test_taxes.TestOrderTaxCompute" name="test_order_trade_in_reduces_taxable_base" time="0.117" /><testcase classname="backend.tests.test_taxes.TestOrderTaxCompute" name="test_patch_order_rescales_existing_jurisdiction" time="0.301" /><testcase classname="backend.tests.test_taxes.TestOrderTaxCompute" name="test_patch_order_clear_jurisdiction_via_empty_string" time="0.264" /><testcase classname="backend.tests.test_taxes.TestPricingPreview" name="test_preview_uses_customer_default" time="0.130" /><testcase classname="backend.tests.test_taxes.TestPricingPreview" name="test_preview_explicit_no_tax" time="0.101" /><testcase classname="backend.tests.test_taxes.TestPricingPreview" name="test_preview_override_alt" time="0.117" /><testcase classname="backend.tests.test_taxes.TestNoTaxRegression" name="test_customer_without_default_no_tax" time="0.249" /><testcase classname="backend.tests.test_product_images.TestProductImagesCRUD" name="test_create_product_with_images" time="0.586" /><testcase classname="backend.tests.test_product_images.TestProductImagesCRUD" name="test_patch_product_replaces_images" time="0.217" /><testcase classname="backend.tests.test_product_images.TestProductImagesCRUD" name="test_create_product_no_images_default_empty" time="0.113" /><testcase classname="backend.tests.test_product_images.TestPublicCatalogImages" name="test_public_returns_primary_image" time="0.133"><skipped type="pytest.skip" message="PUBLIC_API_KEY not configured">/app/backend/tests/test_product_images.py:125: PUBLIC_API_KEY not configured</skipped></testcase></testsuite></testsuites>