<?xml version="1.0" encoding="utf-8"?><testsuites name="pytest tests"><testsuite name="pytest" errors="0" failures="1" skipped="0" tests="14" time="3.909" timestamp="2026-05-09T01:56:43.672394+00:00" hostname="agent-env-07b47fd7-7693-43c9-a981-8ab98cb3285f"><testcase classname="backend.tests.test_variants.TestProductVariantsCRUD" name="test_create_returns_variants" time="0.546" /><testcase classname="backend.tests.test_variants.TestProductVariantsCRUD" name="test_list_includes_variants" time="0.121" /><testcase classname="backend.tests.test_variants.TestByBarcode" name="test_match_variant_barcode" time="0.120" /><testcase classname="backend.tests.test_variants.TestByBarcode" name="test_match_variant_sku" time="0.108" /><testcase classname="backend.tests.test_variants.TestByBarcode" name="test_match_parent_sku_no_variant" time="0.224" /><testcase classname="backend.tests.test_variants.TestOrderVariantRequired" name="test_missing_variant_id_400" time="0.252" /><testcase classname="backend.tests.test_variants.TestOrderVariantRequired" name="test_invalid_variant_id_400" time="0.122" /><testcase classname="backend.tests.test_variants.TestOrderWithVariant" name="test_variant_order_uses_variant_price_and_decrements" time="0.323" /><testcase classname="backend.tests.test_variants.TestOrderWithVariant" name="test_tier_pricing_does_not_apply_under_min" time="0.139" /><testcase classname="backend.tests.test_variants.TestOrderWithVariant" name="test_tier_pricing_overrides_variant_when_qty_meets_min" time="0.110" /><testcase classname="backend.tests.test_variants.TestVariantOutOfStock" name="test_oos_message_with_variant_label" time="0.126" /><testcase classname="backend.tests.test_variants.TestVariantDeleteRestore" name="test_delete_restores_then_restore_redecrements" time="0.889" /><testcase classname="backend.tests.test_variants.TestVariantOrderPatch" name="test_patch_qty_reconciles_variant_stock" time="0.596"><failure message="assert 48 == (48 - 5)&#10; +  where 48 = &lt;function TestVariantOrderPatch.test_patch_qty_reconciles_variant_stock.&lt;locals&gt;.vstock at 0xf927ec1b7d80&gt;()">backend/tests/test_variants.py:288: in test_patch_qty_reconciles_variant_stock
    assert vstock() == before - 5
E   assert 48 == (48 - 5)
E    +  where 48 = &lt;function TestVariantOrderPatch.test_patch_qty_reconciles_variant_stock.&lt;locals&gt;.vstock at 0xf927ec1b7d80&gt;()</failure></testcase><testcase classname="backend.tests.test_variants.TestPlainProductRegression" name="test_order_without_variant_id_works" time="0.109" /></testsuite></testsuites>